<?xml version="1.0" encoding="UTF-8"?>
<!-- Generated by org.testng.reporters.JUnitReportReporter -->
<testsuite name="com.automation.testcases.LogintestcaseCRM" tests="2" time="6.616" ignored="0" failures="0" timestamp="08 May 2021 16:13:30 GMT" skipped="0" hostname="yuga" errors="0">
  <testcase name="loginapp1" time="0.493" classname="com.automation.testcases.LogintestcaseCRM"/>
  <testcase name="loginapp" time="6.123" classname="com.automation.testcases.LogintestcaseCRM"/>
</testsuite> <!-- com.automation.testcases.LogintestcaseCRM -->
